<?xml version="1.0" encoding="UTF-8"?>
<coverage generated="1585873083962" clover="3.2.0">
  <project timestamp="1585873083962" name="All files">
    <metrics statements="9" coveredstatements="6" conditionals="0" coveredconditionals="0" methods="4" coveredmethods="3" elements="13" coveredelements="9" complexity="0" loc="9" ncloc="9" packages="1" files="3" classes="3"/>
    <file name="index.js" path="/home/qlue/Desktop/__LEARNING__/reducer-logger/src/index.js">
      <metrics statements="3" coveredstatements="0" conditionals="0" coveredconditionals="0" methods="1" coveredmethods="0"/>
      <line num="5" count="0" type="stmt"/>
      <line num="6" count="0" type="stmt"/>
      <line num="8" count="0" type="stmt"/>
    </file>
    <file name="useLog.js" path="/home/qlue/Desktop/__LEARNING__/reducer-logger/src/useLog.js">
      <metrics statements="2" coveredstatements="2" conditionals="0" coveredconditionals="0" methods="1" coveredmethods="1"/>
      <line num="6" count="1" type="stmt"/>
      <line num="8" count="1" type="stmt"/>
    </file>
    <file name="usePrevious.js" path="/home/qlue/Desktop/__LEARNING__/reducer-logger/src/usePrevious.js">
      <metrics statements="4" coveredstatements="4" conditionals="0" coveredconditionals="0" methods="2" coveredmethods="2"/>
      <line num="4" count="1" type="stmt"/>
      <line num="6" count="1" type="stmt"/>
      <line num="7" count="1" type="stmt"/>
      <line num="10" count="1" type="stmt"/>
    </file>
  </project>
</coverage>
