{"/home/qlue/Desktop/__LEARNING__/reducer-logger/src/createLog.js": {"path":"/home/qlue/Desktop/__LEARNING__/reducer-logger/src/createLog.js","statementMap":{"0":{"start":{"line":3,"column":4},"end":{"line":9,"column":5}},"1":{"start":{"line":4,"column":6},"end":{"line":4,"column":57}},"2":{"start":{"line":5,"column":6},"end":{"line":5,"column":38}},"3":{"start":{"line":6,"column":6},"end":{"line":6,"column":35}},"4":{"start":{"line":7,"column":6},"end":{"line":7,"column":55}},"5":{"start":{"line":8,"column":6},"end":{"line":8,"column":24}},"6":{"start":{"line":11,"column":4},"end":{"line":11,"column":33}},"7":{"start":{"line":14,"column":2},"end":{"line":14,"column":38}},"8":{"start":{"line":14,"column":22},"end":{"line":14,"column":38}},"9":{"start":{"line":16,"column":2},"end":{"line":16,"column":20}}},"fnMap":{"0":{"name":"createLog","decl":{"start":{"line":1,"column":9},"end":{"line":1,"column":18}},"loc":{"start":{"line":1,"column":28},"end":{"line":17,"column":1}},"line":1},"1":{"name":"generateLog","decl":{"start":{"line":2,"column":11},"end":{"line":2,"column":22}},"loc":{"start":{"line":2,"column":38},"end":{"line":12,"column":3}},"line":2},"2":{"name":"(anonymous_2)","decl":{"start":{"line":3,"column":21},"end":{"line":3,"column":22}},"loc":{"start":{"line":3,"column":27},"end":{"line":9,"column":5}},"line":3}},"branchMap":{"0":{"loc":{"start":{"line":14,"column":2},"end":{"line":14,"column":38}},"type":"if","locations":[{"start":{"line":14,"column":2},"end":{"line":14,"column":38}},{"start":{"line":14,"column":2},"end":{"line":14,"column":38}}],"line":14}},"s":{"0":2,"1":1,"2":1,"3":1,"4":1,"5":1,"6":2,"7":3,"8":1,"9":3},"f":{"0":3,"1":2,"2":1},"b":{"0":[1,2]},"_coverageSchema":"1a1c01bbd47fc00a2c39e90264f33305004495a9","hash":"21c8dd51660aa41d5c3e593a8aca633e6465d4df"}
}
