{"/home/qlue/Desktop/__LEARNING__/reducer-logger/src/index.js": {"path":"/home/qlue/Desktop/__LEARNING__/reducer-logger/src/index.js","statementMap":{"0":{"start":{"line":6,"column":22},"end":{"line":6,"column":41}},"1":{"start":{"line":8,"column":2},"end":{"line":8,"column":30}},"2":{"start":{"line":10,"column":2},"end":{"line":10,"column":20}}},"fnMap":{"0":{"name":"useLogReducer","decl":{"start":{"line":5,"column":9},"end":{"line":5,"column":22}},"loc":{"start":{"line":5,"column":32},"end":{"line":11,"column":1}},"line":5}},"branchMap":{},"s":{"0":1,"1":1,"2":1},"f":{"0":1},"b":{},"_coverageSchema":"1a1c01bbd47fc00a2c39e90264f33305004495a9","hash":"3331315800c4466588107a050f69ee96bd5faa37"}
,"/home/qlue/Desktop/__LEARNING__/reducer-logger/src/useCreateLog.js": {"path":"/home/qlue/Desktop/__LEARNING__/reducer-logger/src/useCreateLog.js","statementMap":{"0":{"start":{"line":4,"column":16},"end":{"line":4,"column":23}},"1":{"start":{"line":5,"column":20},"end":{"line":5,"column":38}},"2":{"start":{"line":13,"column":2},"end":{"line":13,"column":40}},"3":{"start":{"line":14,"column":2},"end":{"line":14,"column":36}}},"fnMap":{"0":{"name":"useCreateLog","decl":{"start":{"line":3,"column":16},"end":{"line":3,"column":28}},"loc":{"start":{"line":3,"column":38},"end":{"line":15,"column":1}},"line":3}},"branchMap":{},"s":{"0":1,"1":1,"2":1,"3":1},"f":{"0":1},"b":{},"_coverageSchema":"1a1c01bbd47fc00a2c39e90264f33305004495a9","hash":"4c45f93c0c4004c39cf03b270515c665bd9b8308"}
}
